<?xml version="1.0" encoding="UTF-8"?>
<!-- Generated by org.testng.reporters.JUnitReportReporter -->
<testsuite ignored="0" hostname="LENOVO" failures="0" tests="2" name="com.web.sanity.SanityClass" time="0.002" errors="0" timestamp="13 Apr 2022 09:02:05 GMT" skipped="0">
  <testcase classname="com.web.sanity.SanityClass" name="sanity1" time="0.001"/>
  <testcase classname="com.web.sanity.SanityClass" name="sanity" time="0.001"/>
</testsuite> <!-- com.web.sanity.SanityClass -->
