<?xml version="1.0" encoding="UTF-8"?>
<!-- Generated by org.testng.reporters.JUnitReportReporter -->
<testsuite ignored="0" hostname="LENOVO" failures="0" tests="2" name="com.web.reg.RegressionClass" time="0.011" errors="0" timestamp="13 Apr 2022 09:02:05 GMT" skipped="0">
  <testcase classname="com.web.reg.RegressionClass" name="regression1" time="0.001"/>
  <testcase classname="com.web.reg.RegressionClass" name="regression" time="0.010"/>
</testsuite> <!-- com.web.reg.RegressionClass -->
